[0.269s] DEBUG:colcon:Command line arguments: ['/usr/bin/colcon', 'bundle']
[0.269s] DEBUG:colcon:Parsed command line arguments: Namespace(apt_package_blacklist='/home/nick/.local/lib/python3.6/site-packages/colcon_bundle/installer/assets/apt_package_blacklist.txt', apt_sources_list='/home/nick/.local/lib/python3.6/site-packages/colcon_bundle/installer/assets/bionic.sources.list', base_paths='.', build_base='build', bundle_base='bundle', bundle_version=2, event_handlers=None, executor='parallel', ignore_user_meta=False, include_sources=False, install_base='install', log_base='log', log_level=None, main=<bound method BundleVerb.main of <colcon_bundle.verb.bundle.BundleVerb object at 0x7ff1e7e71198>>, merge_install=False, metas='./colcon.meta', packages_above=None, packages_end=None, packages_ignore=None, packages_ignore_regex=None, packages_select=None, packages_select_build_failed=False, packages_select_by_dep=None, packages_select_regex=None, packages_select_test_failures=False, packages_skip=None, packages_skip_build_finished=False, packages_skip_by_dep=None, packages_skip_regex=None, packages_skip_test_passed=False, packages_skip_up_to=None, packages_start=None, packages_up_to=None, parallel_workers=4, paths=None, pip3_args=None, pip_args=None, upgrade=False, verb_extension=<colcon_bundle.verb.bundle.BundleVerb object at 0x7ff1e7e71198>, verb_name='bundle', verb_parser=<colcon_defaults.argument_parser.defaults.DefaultArgumentsDecorator object at 0x7ff1e7e71710>)
[0.317s] ERROR:colcon.colcon_core.entry_point:Exception loading extension 'colcon_core.package_identification.ignore_ament_install': (colcon-core 0.3.15 (/usr/lib/python3/dist-packages), Requirement.parse('colcon-core>=0.3.18'))
Traceback (most recent call last):
  File "/usr/lib/python3/dist-packages/colcon_core/entry_point.py", line 98, in load_entry_points
    extension_type = load_entry_point(entry_point)
  File "/usr/lib/python3/dist-packages/colcon_core/entry_point.py", line 140, in load_entry_point
    return entry_point.load()
  File "/home/nick/.local/lib/python3.6/site-packages/pkg_resources/__init__.py", line 2410, in load
    self.require(*args, **kwargs)
  File "/home/nick/.local/lib/python3.6/site-packages/pkg_resources/__init__.py", line 2433, in require
    items = working_set.resolve(reqs, env, installer, extras=self.extras)
  File "/home/nick/.local/lib/python3.6/site-packages/pkg_resources/__init__.py", line 791, in resolve
    raise VersionConflict(dist, req).with_context(dependent_req)
pkg_resources.VersionConflict: (colcon-core 0.3.15 (/usr/lib/python3/dist-packages), Requirement.parse('colcon-core>=0.3.18'))

[0.317s] ERROR:colcon.colcon_core.entry_point:Exception loading extension 'colcon_core.package_identification.ros': (colcon-core 0.3.15 (/usr/lib/python3/dist-packages), Requirement.parse('colcon-core>=0.3.18'))
Traceback (most recent call last):
  File "/usr/lib/python3/dist-packages/colcon_core/entry_point.py", line 98, in load_entry_points
    extension_type = load_entry_point(entry_point)
  File "/usr/lib/python3/dist-packages/colcon_core/entry_point.py", line 140, in load_entry_point
    return entry_point.load()
  File "/home/nick/.local/lib/python3.6/site-packages/pkg_resources/__init__.py", line 2410, in load
    self.require(*args, **kwargs)
  File "/home/nick/.local/lib/python3.6/site-packages/pkg_resources/__init__.py", line 2433, in require
    items = working_set.resolve(reqs, env, installer, extras=self.extras)
  File "/home/nick/.local/lib/python3.6/site-packages/pkg_resources/__init__.py", line 791, in resolve
    raise VersionConflict(dist, req).with_context(dependent_req)
pkg_resources.VersionConflict: (colcon-core 0.3.15 (/usr/lib/python3/dist-packages), Requirement.parse('colcon-core>=0.3.18'))

[0.319s] Level 1:colcon.colcon_core.package_discovery:discover_packages(colcon_meta) check parameters
[0.319s] Level 1:colcon.colcon_core.package_discovery:discover_packages(recursive) check parameters
[0.319s] Level 1:colcon.colcon_core.package_discovery:discover_packages(ignore) check parameters
[0.319s] Level 1:colcon.colcon_core.package_discovery:discover_packages(path) check parameters
[0.319s] Level 1:colcon.colcon_core.package_discovery:discover_packages(recursive) discover
[0.320s] INFO:colcon.colcon_core.package_discovery:Crawling recursively for packages in '/home/nick/MyApplication/robot_ws'
[0.320s] Level 1:colcon.colcon_core.package_identification:_identify(/home/nick/MyApplication/robot_ws) by extensions ['ignore']
[0.320s] Level 1:colcon.colcon_core.package_identification:_identify(/home/nick/MyApplication/robot_ws) by extension 'ignore'
[0.320s] Level 1:colcon.colcon_core.package_identification:_identify(/home/nick/MyApplication/robot_ws) by extensions ['colcon_pkg']
[0.320s] Level 1:colcon.colcon_core.package_identification:_identify(/home/nick/MyApplication/robot_ws) by extension 'colcon_pkg'
[0.320s] Level 1:colcon.colcon_core.package_identification:_identify(/home/nick/MyApplication/robot_ws) by extensions ['colcon_meta']
[0.320s] Level 1:colcon.colcon_core.package_identification:_identify(/home/nick/MyApplication/robot_ws) by extension 'colcon_meta'
[0.320s] Level 1:colcon.colcon_core.package_identification:_identify(/home/nick/MyApplication/robot_ws) by extensions ['cmake', 'python']
[0.320s] Level 1:colcon.colcon_core.package_identification:_identify(/home/nick/MyApplication/robot_ws) by extension 'cmake'
[0.320s] Level 1:colcon.colcon_core.package_identification:_identify(/home/nick/MyApplication/robot_ws) by extension 'python'
[0.321s] Level 1:colcon.colcon_core.package_identification:_identify(/home/nick/MyApplication/robot_ws) by extensions ['python_setup_py']
[0.321s] Level 1:colcon.colcon_core.package_identification:_identify(/home/nick/MyApplication/robot_ws) by extension 'python_setup_py'
[0.321s] Level 1:colcon.colcon_core.package_identification:_identify(/home/nick/MyApplication/robot_ws/build) by extensions ['ignore']
[0.321s] Level 1:colcon.colcon_core.package_identification:_identify(/home/nick/MyApplication/robot_ws/build) by extension 'ignore'
[0.321s] Level 1:colcon.colcon_core.package_identification:_identify(/home/nick/MyApplication/robot_ws/build) ignored
[0.321s] Level 1:colcon.colcon_core.package_identification:_identify(/home/nick/MyApplication/robot_ws/bundle) by extensions ['ignore']
[0.321s] Level 1:colcon.colcon_core.package_identification:_identify(/home/nick/MyApplication/robot_ws/bundle) by extension 'ignore'
[0.321s] Level 1:colcon.colcon_core.package_identification:_identify(/home/nick/MyApplication/robot_ws/bundle) ignored
[0.322s] Level 1:colcon.colcon_core.package_identification:_identify(/home/nick/MyApplication/robot_ws/install) by extensions ['ignore']
[0.322s] Level 1:colcon.colcon_core.package_identification:_identify(/home/nick/MyApplication/robot_ws/install) by extension 'ignore'
[0.322s] Level 1:colcon.colcon_core.package_identification:_identify(/home/nick/MyApplication/robot_ws/install) ignored
[0.322s] Level 1:colcon.colcon_core.package_identification:_identify(/home/nick/MyApplication/robot_ws/log) by extensions ['ignore']
[0.322s] Level 1:colcon.colcon_core.package_identification:_identify(/home/nick/MyApplication/robot_ws/log) by extension 'ignore'
[0.322s] Level 1:colcon.colcon_core.package_identification:_identify(/home/nick/MyApplication/robot_ws/log) ignored
[0.322s] Level 1:colcon.colcon_core.package_identification:_identify(/home/nick/MyApplication/robot_ws/src) by extensions ['ignore']
[0.322s] Level 1:colcon.colcon_core.package_identification:_identify(/home/nick/MyApplication/robot_ws/src) by extension 'ignore'
[0.322s] Level 1:colcon.colcon_core.package_identification:_identify(/home/nick/MyApplication/robot_ws/src) by extensions ['colcon_pkg']
[0.322s] Level 1:colcon.colcon_core.package_identification:_identify(/home/nick/MyApplication/robot_ws/src) by extension 'colcon_pkg'
[0.323s] Level 1:colcon.colcon_core.package_identification:_identify(/home/nick/MyApplication/robot_ws/src) by extensions ['colcon_meta']
[0.323s] Level 1:colcon.colcon_core.package_identification:_identify(/home/nick/MyApplication/robot_ws/src) by extension 'colcon_meta'
[0.323s] Level 1:colcon.colcon_core.package_identification:_identify(/home/nick/MyApplication/robot_ws/src) by extensions ['cmake', 'python']
[0.323s] Level 1:colcon.colcon_core.package_identification:_identify(/home/nick/MyApplication/robot_ws/src) by extension 'cmake'
[0.323s] Level 1:colcon.colcon_core.package_identification:_identify(/home/nick/MyApplication/robot_ws/src) by extension 'python'
[0.323s] Level 1:colcon.colcon_core.package_identification:_identify(/home/nick/MyApplication/robot_ws/src) by extensions ['python_setup_py']
[0.323s] Level 1:colcon.colcon_core.package_identification:_identify(/home/nick/MyApplication/robot_ws/src) by extension 'python_setup_py'
[0.323s] Level 1:colcon.colcon_core.package_identification:_identify(/home/nick/MyApplication/robot_ws/src/robot_app) by extensions ['ignore']
[0.323s] Level 1:colcon.colcon_core.package_identification:_identify(/home/nick/MyApplication/robot_ws/src/robot_app) by extension 'ignore'
[0.323s] Level 1:colcon.colcon_core.package_identification:_identify(/home/nick/MyApplication/robot_ws/src/robot_app) by extensions ['colcon_pkg']
[0.324s] Level 1:colcon.colcon_core.package_identification:_identify(/home/nick/MyApplication/robot_ws/src/robot_app) by extension 'colcon_pkg'
[0.324s] Level 1:colcon.colcon_core.package_identification:_identify(/home/nick/MyApplication/robot_ws/src/robot_app) by extensions ['colcon_meta']
[0.324s] Level 1:colcon.colcon_core.package_identification:_identify(/home/nick/MyApplication/robot_ws/src/robot_app) by extension 'colcon_meta'
[0.324s] Level 1:colcon.colcon_core.package_identification:_identify(/home/nick/MyApplication/robot_ws/src/robot_app) by extensions ['cmake', 'python']
[0.324s] Level 1:colcon.colcon_core.package_identification:_identify(/home/nick/MyApplication/robot_ws/src/robot_app) by extension 'cmake'
[0.326s] Level 1:colcon.colcon_core.package_identification:_identify(/home/nick/MyApplication/robot_ws/src/robot_app) by extension 'python'
[0.326s] DEBUG:colcon.colcon_core.package_identification:Package '/home/nick/MyApplication/robot_ws/src/robot_app' with type 'cmake' and name 'robot_app'
[0.326s] Level 1:colcon.colcon_core.package_discovery:discover_packages(recursive) using defaults
[0.328s] ERROR:colcon.colcon_core.entry_point:Exception loading extension 'colcon_core.package_augmentation.ros': (colcon-core 0.3.15 (/usr/lib/python3/dist-packages), Requirement.parse('colcon-core>=0.3.18'))
Traceback (most recent call last):
  File "/usr/lib/python3/dist-packages/colcon_core/entry_point.py", line 98, in load_entry_points
    extension_type = load_entry_point(entry_point)
  File "/usr/lib/python3/dist-packages/colcon_core/entry_point.py", line 140, in load_entry_point
    return entry_point.load()
  File "/home/nick/.local/lib/python3.6/site-packages/pkg_resources/__init__.py", line 2410, in load
    self.require(*args, **kwargs)
  File "/home/nick/.local/lib/python3.6/site-packages/pkg_resources/__init__.py", line 2433, in require
    items = working_set.resolve(reqs, env, installer, extras=self.extras)
  File "/home/nick/.local/lib/python3.6/site-packages/pkg_resources/__init__.py", line 791, in resolve
    raise VersionConflict(dist, req).with_context(dependent_req)
pkg_resources.VersionConflict: (colcon-core 0.3.15 (/usr/lib/python3/dist-packages), Requirement.parse('colcon-core>=0.3.18'))

[0.330s] ERROR:colcon.colcon_core.entry_point:Exception loading extension 'colcon_bundle.installer.rdmanifest': (colcon-core 0.3.15 (/usr/lib/python3/dist-packages), Requirement.parse('colcon-core>=0.3.18'), {'colcon-ros'})
Traceback (most recent call last):
  File "/usr/lib/python3/dist-packages/colcon_core/entry_point.py", line 98, in load_entry_points
    extension_type = load_entry_point(entry_point)
  File "/usr/lib/python3/dist-packages/colcon_core/entry_point.py", line 140, in load_entry_point
    return entry_point.load()
  File "/home/nick/.local/lib/python3.6/site-packages/pkg_resources/__init__.py", line 2410, in load
    self.require(*args, **kwargs)
  File "/home/nick/.local/lib/python3.6/site-packages/pkg_resources/__init__.py", line 2433, in require
    items = working_set.resolve(reqs, env, installer, extras=self.extras)
  File "/home/nick/.local/lib/python3.6/site-packages/pkg_resources/__init__.py", line 791, in resolve
    raise VersionConflict(dist, req).with_context(dependent_req)
pkg_resources.ContextualVersionConflict: (colcon-core 0.3.15 (/usr/lib/python3/dist-packages), Requirement.parse('colcon-core>=0.3.18'), {'colcon-ros'})

[2.320s] ERROR:colcon:colcon bundle: W:GPG error: http://packages.ros.org/ros/ubuntu bionic InRelease: The following signatures couldn't be verified because the public key is not available: NO_PUBKEY 5523BAEEB01FA116, E:The repository 'http://packages.ros.org/ros/ubuntu bionic InRelease' is not signed., W:Updating from such a repository can't be done securely, and is therefore disabled by default., W:See apt-secure(8) manpage for repository creation and user configuration details., W:GPG error: http://us.archive.ubuntu.com/ubuntu bionic InRelease: The following signatures couldn't be verified because the public key is not available: NO_PUBKEY 3B4FE6ACC0B21F32, E:The repository 'http://us.archive.ubuntu.com/ubuntu bionic InRelease' is not signed., W:Updating from such a repository can't be done securely, and is therefore disabled by default., W:See apt-secure(8) manpage for repository creation and user configuration details., W:GPG error: http://us.archive.ubuntu.com/ubuntu bionic-updates InRelease: The following signatures couldn't be verified because the public key is not available: NO_PUBKEY 3B4FE6ACC0B21F32, E:The repository 'http://us.archive.ubuntu.com/ubuntu bionic-updates InRelease' is not signed., W:Updating from such a repository can't be done securely, and is therefore disabled by default., W:See apt-secure(8) manpage for repository creation and user configuration details., W:GPG error: http://us.archive.ubuntu.com/ubuntu bionic-backports InRelease: The following signatures couldn't be verified because the public key is not available: NO_PUBKEY 3B4FE6ACC0B21F32, E:The repository 'http://us.archive.ubuntu.com/ubuntu bionic-backports InRelease' is not signed., W:Updating from such a repository can't be done securely, and is therefore disabled by default., W:See apt-secure(8) manpage for repository creation and user configuration details., W:GPG error: http://us.archive.ubuntu.com/ubuntu bionic-security InRelease: The following signatures couldn't be verified because the public key is not available: NO_PUBKEY 3B4FE6ACC0B21F32, E:The repository 'http://us.archive.ubuntu.com/ubuntu bionic-security InRelease' is not signed., W:Updating from such a repository can't be done securely, and is therefore disabled by default., W:See apt-secure(8) manpage for repository creation and user configuration details., W:GPG error: http://ports.ubuntu.com/ubuntu-ports bionic InRelease: The following signatures couldn't be verified because the public key is not available: NO_PUBKEY 3B4FE6ACC0B21F32, E:The repository 'http://ports.ubuntu.com/ubuntu-ports bionic InRelease' is not signed., W:Updating from such a repository can't be done securely, and is therefore disabled by default., W:See apt-secure(8) manpage for repository creation and user configuration details., W:GPG error: http://ports.ubuntu.com/ubuntu-ports bionic-updates InRelease: The following signatures couldn't be verified because the public key is not available: NO_PUBKEY 3B4FE6ACC0B21F32, E:The repository 'http://ports.ubuntu.com/ubuntu-ports bionic-updates InRelease' is not signed., W:Updating from such a repository can't be done securely, and is therefore disabled by default., W:See apt-secure(8) manpage for repository creation and user configuration details., W:GPG error: http://ports.ubuntu.com/ubuntu-ports bionic-backports InRelease: The following signatures couldn't be verified because the public key is not available: NO_PUBKEY 3B4FE6ACC0B21F32, E:The repository 'http://ports.ubuntu.com/ubuntu-ports bionic-backports InRelease' is not signed., W:Updating from such a repository can't be done securely, and is therefore disabled by default., W:See apt-secure(8) manpage for repository creation and user configuration details., W:GPG error: http://ports.ubuntu.com/ubuntu-ports bionic-security InRelease: The following signatures couldn't be verified because the public key is not available: NO_PUBKEY 3B4FE6ACC0B21F32, E:The repository 'http://ports.ubuntu.com/ubuntu-ports bionic-security InRelease' is not signed.
Traceback (most recent call last):
  File "/usr/lib/python3/dist-packages/apt/cache.py", line 544, in update
    pulse_interval)
apt_pkg.Error: W:GPG error: http://packages.ros.org/ros/ubuntu bionic InRelease: The following signatures couldn't be verified because the public key is not available: NO_PUBKEY 5523BAEEB01FA116, E:The repository 'http://packages.ros.org/ros/ubuntu bionic InRelease' is not signed., W:Updating from such a repository can't be done securely, and is therefore disabled by default., W:See apt-secure(8) manpage for repository creation and user configuration details., W:GPG error: http://us.archive.ubuntu.com/ubuntu bionic InRelease: The following signatures couldn't be verified because the public key is not available: NO_PUBKEY 3B4FE6ACC0B21F32, E:The repository 'http://us.archive.ubuntu.com/ubuntu bionic InRelease' is not signed., W:Updating from such a repository can't be done securely, and is therefore disabled by default., W:See apt-secure(8) manpage for repository creation and user configuration details., W:GPG error: http://us.archive.ubuntu.com/ubuntu bionic-updates InRelease: The following signatures couldn't be verified because the public key is not available: NO_PUBKEY 3B4FE6ACC0B21F32, E:The repository 'http://us.archive.ubuntu.com/ubuntu bionic-updates InRelease' is not signed., W:Updating from such a repository can't be done securely, and is therefore disabled by default., W:See apt-secure(8) manpage for repository creation and user configuration details., W:GPG error: http://us.archive.ubuntu.com/ubuntu bionic-backports InRelease: The following signatures couldn't be verified because the public key is not available: NO_PUBKEY 3B4FE6ACC0B21F32, E:The repository 'http://us.archive.ubuntu.com/ubuntu bionic-backports InRelease' is not signed., W:Updating from such a repository can't be done securely, and is therefore disabled by default., W:See apt-secure(8) manpage for repository creation and user configuration details., W:GPG error: http://us.archive.ubuntu.com/ubuntu bionic-security InRelease: The following signatures couldn't be verified because the public key is not available: NO_PUBKEY 3B4FE6ACC0B21F32, E:The repository 'http://us.archive.ubuntu.com/ubuntu bionic-security InRelease' is not signed., W:Updating from such a repository can't be done securely, and is therefore disabled by default., W:See apt-secure(8) manpage for repository creation and user configuration details., W:GPG error: http://ports.ubuntu.com/ubuntu-ports bionic InRelease: The following signatures couldn't be verified because the public key is not available: NO_PUBKEY 3B4FE6ACC0B21F32, E:The repository 'http://ports.ubuntu.com/ubuntu-ports bionic InRelease' is not signed., W:Updating from such a repository can't be done securely, and is therefore disabled by default., W:See apt-secure(8) manpage for repository creation and user configuration details., W:GPG error: http://ports.ubuntu.com/ubuntu-ports bionic-updates InRelease: The following signatures couldn't be verified because the public key is not available: NO_PUBKEY 3B4FE6ACC0B21F32, E:The repository 'http://ports.ubuntu.com/ubuntu-ports bionic-updates InRelease' is not signed., W:Updating from such a repository can't be done securely, and is therefore disabled by default., W:See apt-secure(8) manpage for repository creation and user configuration details., W:GPG error: http://ports.ubuntu.com/ubuntu-ports bionic-backports InRelease: The following signatures couldn't be verified because the public key is not available: NO_PUBKEY 3B4FE6ACC0B21F32, E:The repository 'http://ports.ubuntu.com/ubuntu-ports bionic-backports InRelease' is not signed., W:Updating from such a repository can't be done securely, and is therefore disabled by default., W:See apt-secure(8) manpage for repository creation and user configuration details., W:GPG error: http://ports.ubuntu.com/ubuntu-ports bionic-security InRelease: The following signatures couldn't be verified because the public key is not available: NO_PUBKEY 3B4FE6ACC0B21F32, E:The repository 'http://ports.ubuntu.com/ubuntu-ports bionic-security InRelease' is not signed.

During handling of the above exception, another exception occurred:

Traceback (most recent call last):
  File "/usr/lib/python3/dist-packages/colcon_core/command.py", line 436, in verb_main
    rc = context.args.main(context=context)
  File "/home/nick/.local/lib/python3.6/site-packages/colcon_bundle/verb/bundle.py", line 123, in main
    context, path_context, upgrade_deps_graph)
  File "/home/nick/.local/lib/python3.6/site-packages/colcon_bundle/verb/bundle.py", line 167, in _manage_dependencies
    installers = self._setup_installers(context, path_context)
  File "/home/nick/.local/lib/python3.6/site-packages/colcon_bundle/verb/bundle.py", line 243, in _setup_installers
    installer.initialize(context)
  File "/home/nick/.local/lib/python3.6/site-packages/colcon_bundle/installer/apt.py", line 86, in initialize
    self.setup()
  File "/home/nick/.local/lib/python3.6/site-packages/colcon_bundle/installer/apt.py", line 120, in setup
    self._cache.update()
  File "/usr/lib/python3/dist-packages/apt/cache.py", line 546, in update
    raise FetchFailedException(e)
apt.cache.FetchFailedException: W:GPG error: http://packages.ros.org/ros/ubuntu bionic InRelease: The following signatures couldn't be verified because the public key is not available: NO_PUBKEY 5523BAEEB01FA116, E:The repository 'http://packages.ros.org/ros/ubuntu bionic InRelease' is not signed., W:Updating from such a repository can't be done securely, and is therefore disabled by default., W:See apt-secure(8) manpage for repository creation and user configuration details., W:GPG error: http://us.archive.ubuntu.com/ubuntu bionic InRelease: The following signatures couldn't be verified because the public key is not available: NO_PUBKEY 3B4FE6ACC0B21F32, E:The repository 'http://us.archive.ubuntu.com/ubuntu bionic InRelease' is not signed., W:Updating from such a repository can't be done securely, and is therefore disabled by default., W:See apt-secure(8) manpage for repository creation and user configuration details., W:GPG error: http://us.archive.ubuntu.com/ubuntu bionic-updates InRelease: The following signatures couldn't be verified because the public key is not available: NO_PUBKEY 3B4FE6ACC0B21F32, E:The repository 'http://us.archive.ubuntu.com/ubuntu bionic-updates InRelease' is not signed., W:Updating from such a repository can't be done securely, and is therefore disabled by default., W:See apt-secure(8) manpage for repository creation and user configuration details., W:GPG error: http://us.archive.ubuntu.com/ubuntu bionic-backports InRelease: The following signatures couldn't be verified because the public key is not available: NO_PUBKEY 3B4FE6ACC0B21F32, E:The repository 'http://us.archive.ubuntu.com/ubuntu bionic-backports InRelease' is not signed., W:Updating from such a repository can't be done securely, and is therefore disabled by default., W:See apt-secure(8) manpage for repository creation and user configuration details., W:GPG error: http://us.archive.ubuntu.com/ubuntu bionic-security InRelease: The following signatures couldn't be verified because the public key is not available: NO_PUBKEY 3B4FE6ACC0B21F32, E:The repository 'http://us.archive.ubuntu.com/ubuntu bionic-security InRelease' is not signed., W:Updating from such a repository can't be done securely, and is therefore disabled by default., W:See apt-secure(8) manpage for repository creation and user configuration details., W:GPG error: http://ports.ubuntu.com/ubuntu-ports bionic InRelease: The following signatures couldn't be verified because the public key is not available: NO_PUBKEY 3B4FE6ACC0B21F32, E:The repository 'http://ports.ubuntu.com/ubuntu-ports bionic InRelease' is not signed., W:Updating from such a repository can't be done securely, and is therefore disabled by default., W:See apt-secure(8) manpage for repository creation and user configuration details., W:GPG error: http://ports.ubuntu.com/ubuntu-ports bionic-updates InRelease: The following signatures couldn't be verified because the public key is not available: NO_PUBKEY 3B4FE6ACC0B21F32, E:The repository 'http://ports.ubuntu.com/ubuntu-ports bionic-updates InRelease' is not signed., W:Updating from such a repository can't be done securely, and is therefore disabled by default., W:See apt-secure(8) manpage for repository creation and user configuration details., W:GPG error: http://ports.ubuntu.com/ubuntu-ports bionic-backports InRelease: The following signatures couldn't be verified because the public key is not available: NO_PUBKEY 3B4FE6ACC0B21F32, E:The repository 'http://ports.ubuntu.com/ubuntu-ports bionic-backports InRelease' is not signed., W:Updating from such a repository can't be done securely, and is therefore disabled by default., W:See apt-secure(8) manpage for repository creation and user configuration details., W:GPG error: http://ports.ubuntu.com/ubuntu-ports bionic-security InRelease: The following signatures couldn't be verified because the public key is not available: NO_PUBKEY 3B4FE6ACC0B21F32, E:The repository 'http://ports.ubuntu.com/ubuntu-ports bionic-security InRelease' is not signed.

