[0.636s] DEBUG:colcon:Command line arguments: ['/home/nick/.local/bin/colcon', 'bundle']
[0.636s] DEBUG:colcon:Parsed command line arguments: Namespace(apt_package_blacklist='/home/nick/.local/lib/python3.6/site-packages/colcon_bundle/installer/assets/apt_package_blacklist.txt', apt_sources_list='/home/nick/.local/lib/python3.6/site-packages/colcon_bundle/installer/assets/bionic.sources.list', base_paths='.', build_base='build', bundle_base='bundle', bundle_version=2, event_handlers=None, exclude_ros_base=False, executor='parallel', ignore_user_meta=False, include_sources=False, install_base='install', log_base='log', log_level=None, main=<bound method BundleVerb.main of <colcon_bundle.verb.bundle.BundleVerb object at 0x7f895b516630>>, merge_install=False, metas='./colcon.meta', packages_above=None, packages_end=None, packages_ignore=None, packages_ignore_regex=None, packages_select=None, packages_select_build_failed=False, packages_select_by_dep=None, packages_select_regex=None, packages_select_test_failures=False, packages_skip=None, packages_skip_build_finished=False, packages_skip_by_dep=None, packages_skip_regex=None, packages_skip_test_passed=False, packages_skip_up_to=None, packages_start=None, packages_up_to=None, parallel_workers=4, paths=None, pip3_args=None, pip_args=None, upgrade=False, verb_extension=<colcon_bundle.verb.bundle.BundleVerb object at 0x7f895b516630>, verb_name='bundle', verb_parser=<colcon_defaults.argument_parser.defaults.DefaultArgumentsDecorator object at 0x7f895b0153c8>)
[0.710s] Level 1:colcon.colcon_core.package_discovery:discover_packages(colcon_meta) check parameters
[0.710s] Level 1:colcon.colcon_core.package_discovery:discover_packages(recursive) check parameters
[0.710s] Level 1:colcon.colcon_core.package_discovery:discover_packages(ignore) check parameters
[0.710s] Level 1:colcon.colcon_core.package_discovery:discover_packages(path) check parameters
[0.710s] Level 1:colcon.colcon_core.package_discovery:discover_packages(recursive) discover
[0.710s] INFO:colcon.colcon_core.package_discovery:Crawling recursively for packages in '/home/nick/MyApplication/robot_ws'
[0.711s] Level 1:colcon.colcon_core.package_identification:_identify(/home/nick/MyApplication/robot_ws) by extensions ['ignore', 'ignore_ament_install']
[0.711s] Level 1:colcon.colcon_core.package_identification:_identify(/home/nick/MyApplication/robot_ws) by extension 'ignore'
[0.711s] Level 1:colcon.colcon_core.package_identification:_identify(/home/nick/MyApplication/robot_ws) by extension 'ignore_ament_install'
[0.711s] Level 1:colcon.colcon_core.package_identification:_identify(/home/nick/MyApplication/robot_ws) by extensions ['colcon_pkg']
[0.711s] Level 1:colcon.colcon_core.package_identification:_identify(/home/nick/MyApplication/robot_ws) by extension 'colcon_pkg'
[0.711s] Level 1:colcon.colcon_core.package_identification:_identify(/home/nick/MyApplication/robot_ws) by extensions ['colcon_meta']
[0.711s] Level 1:colcon.colcon_core.package_identification:_identify(/home/nick/MyApplication/robot_ws) by extension 'colcon_meta'
[0.711s] Level 1:colcon.colcon_core.package_identification:_identify(/home/nick/MyApplication/robot_ws) by extensions ['ros']
[0.711s] Level 1:colcon.colcon_core.package_identification:_identify(/home/nick/MyApplication/robot_ws) by extension 'ros'
[0.711s] Level 1:colcon.colcon_core.package_identification:_identify(/home/nick/MyApplication/robot_ws) by extensions ['cmake', 'python']
[0.711s] Level 1:colcon.colcon_core.package_identification:_identify(/home/nick/MyApplication/robot_ws) by extension 'cmake'
[0.712s] Level 1:colcon.colcon_core.package_identification:_identify(/home/nick/MyApplication/robot_ws) by extension 'python'
[0.712s] Level 1:colcon.colcon_core.package_identification:_identify(/home/nick/MyApplication/robot_ws) by extensions ['python_setup_py']
[0.712s] Level 1:colcon.colcon_core.package_identification:_identify(/home/nick/MyApplication/robot_ws) by extension 'python_setup_py'
[0.712s] Level 1:colcon.colcon_core.package_identification:_identify(/home/nick/MyApplication/robot_ws/build) by extensions ['ignore', 'ignore_ament_install']
[0.712s] Level 1:colcon.colcon_core.package_identification:_identify(/home/nick/MyApplication/robot_ws/build) by extension 'ignore'
[0.712s] Level 1:colcon.colcon_core.package_identification:_identify(/home/nick/MyApplication/robot_ws/build) ignored
[0.712s] Level 1:colcon.colcon_core.package_identification:_identify(/home/nick/MyApplication/robot_ws/bundle) by extensions ['ignore', 'ignore_ament_install']
[0.712s] Level 1:colcon.colcon_core.package_identification:_identify(/home/nick/MyApplication/robot_ws/bundle) by extension 'ignore'
[0.712s] Level 1:colcon.colcon_core.package_identification:_identify(/home/nick/MyApplication/robot_ws/bundle) ignored
[0.713s] Level 1:colcon.colcon_core.package_identification:_identify(/home/nick/MyApplication/robot_ws/install) by extensions ['ignore', 'ignore_ament_install']
[0.713s] Level 1:colcon.colcon_core.package_identification:_identify(/home/nick/MyApplication/robot_ws/install) by extension 'ignore'
[0.713s] Level 1:colcon.colcon_core.package_identification:_identify(/home/nick/MyApplication/robot_ws/install) ignored
[0.713s] Level 1:colcon.colcon_core.package_identification:_identify(/home/nick/MyApplication/robot_ws/log) by extensions ['ignore', 'ignore_ament_install']
[0.713s] Level 1:colcon.colcon_core.package_identification:_identify(/home/nick/MyApplication/robot_ws/log) by extension 'ignore'
[0.713s] Level 1:colcon.colcon_core.package_identification:_identify(/home/nick/MyApplication/robot_ws/log) ignored
[0.713s] Level 1:colcon.colcon_core.package_identification:_identify(/home/nick/MyApplication/robot_ws/src) by extensions ['ignore', 'ignore_ament_install']
[0.713s] Level 1:colcon.colcon_core.package_identification:_identify(/home/nick/MyApplication/robot_ws/src) by extension 'ignore'
[0.713s] Level 1:colcon.colcon_core.package_identification:_identify(/home/nick/MyApplication/robot_ws/src) by extension 'ignore_ament_install'
[0.713s] Level 1:colcon.colcon_core.package_identification:_identify(/home/nick/MyApplication/robot_ws/src) by extensions ['colcon_pkg']
[0.713s] Level 1:colcon.colcon_core.package_identification:_identify(/home/nick/MyApplication/robot_ws/src) by extension 'colcon_pkg'
[0.714s] Level 1:colcon.colcon_core.package_identification:_identify(/home/nick/MyApplication/robot_ws/src) by extensions ['colcon_meta']
[0.714s] Level 1:colcon.colcon_core.package_identification:_identify(/home/nick/MyApplication/robot_ws/src) by extension 'colcon_meta'
[0.714s] Level 1:colcon.colcon_core.package_identification:_identify(/home/nick/MyApplication/robot_ws/src) by extensions ['ros']
[0.714s] Level 1:colcon.colcon_core.package_identification:_identify(/home/nick/MyApplication/robot_ws/src) by extension 'ros'
[0.714s] Level 1:colcon.colcon_core.package_identification:_identify(/home/nick/MyApplication/robot_ws/src) by extensions ['cmake', 'python']
[0.714s] Level 1:colcon.colcon_core.package_identification:_identify(/home/nick/MyApplication/robot_ws/src) by extension 'cmake'
[0.714s] Level 1:colcon.colcon_core.package_identification:_identify(/home/nick/MyApplication/robot_ws/src) by extension 'python'
[0.714s] Level 1:colcon.colcon_core.package_identification:_identify(/home/nick/MyApplication/robot_ws/src) by extensions ['python_setup_py']
[0.714s] Level 1:colcon.colcon_core.package_identification:_identify(/home/nick/MyApplication/robot_ws/src) by extension 'python_setup_py'
[0.714s] Level 1:colcon.colcon_core.package_identification:_identify(/home/nick/MyApplication/robot_ws/src/robot_app) by extensions ['ignore', 'ignore_ament_install']
[0.714s] Level 1:colcon.colcon_core.package_identification:_identify(/home/nick/MyApplication/robot_ws/src/robot_app) by extension 'ignore'
[0.714s] Level 1:colcon.colcon_core.package_identification:_identify(/home/nick/MyApplication/robot_ws/src/robot_app) by extension 'ignore_ament_install'
[0.715s] Level 1:colcon.colcon_core.package_identification:_identify(/home/nick/MyApplication/robot_ws/src/robot_app) by extensions ['colcon_pkg']
[0.715s] Level 1:colcon.colcon_core.package_identification:_identify(/home/nick/MyApplication/robot_ws/src/robot_app) by extension 'colcon_pkg'
[0.715s] Level 1:colcon.colcon_core.package_identification:_identify(/home/nick/MyApplication/robot_ws/src/robot_app) by extensions ['colcon_meta']
[0.715s] Level 1:colcon.colcon_core.package_identification:_identify(/home/nick/MyApplication/robot_ws/src/robot_app) by extension 'colcon_meta'
[0.715s] Level 1:colcon.colcon_core.package_identification:_identify(/home/nick/MyApplication/robot_ws/src/robot_app) by extensions ['ros']
[0.715s] Level 1:colcon.colcon_core.package_identification:_identify(/home/nick/MyApplication/robot_ws/src/robot_app) by extension 'ros'
[0.718s] DEBUG:colcon.colcon_core.package_identification:Package '/home/nick/MyApplication/robot_ws/src/robot_app' with type 'ros.catkin' and name 'robot_app'
[0.718s] Level 1:colcon.colcon_core.package_discovery:discover_packages(recursive) using defaults
[2.033s] ERROR:colcon:colcon bundle: W:GPG error: http://us.archive.ubuntu.com/ubuntu bionic-updates InRelease: The following signatures couldn't be verified because the public key is not available: NO_PUBKEY 3B4FE6ACC0B21F32, E:The repository 'http://us.archive.ubuntu.com/ubuntu bionic-updates InRelease' is not signed., W:Updating from such a repository can't be done securely, and is therefore disabled by default., W:See apt-secure(8) manpage for repository creation and user configuration details., W:GPG error: http://us.archive.ubuntu.com/ubuntu bionic-backports InRelease: The following signatures couldn't be verified because the public key is not available: NO_PUBKEY 3B4FE6ACC0B21F32, E:The repository 'http://us.archive.ubuntu.com/ubuntu bionic-backports InRelease' is not signed., W:Updating from such a repository can't be done securely, and is therefore disabled by default., W:See apt-secure(8) manpage for repository creation and user configuration details., W:GPG error: http://packages.ros.org/ros/ubuntu bionic InRelease: The following signatures couldn't be verified because the public key is not available: NO_PUBKEY 5523BAEEB01FA116, E:The repository 'http://packages.ros.org/ros/ubuntu bionic InRelease' is not signed., W:Updating from such a repository can't be done securely, and is therefore disabled by default., W:See apt-secure(8) manpage for repository creation and user configuration details., W:GPG error: http://us.archive.ubuntu.com/ubuntu bionic-security InRelease: The following signatures couldn't be verified because the public key is not available: NO_PUBKEY 3B4FE6ACC0B21F32, E:The repository 'http://us.archive.ubuntu.com/ubuntu bionic-security InRelease' is not signed., W:Updating from such a repository can't be done securely, and is therefore disabled by default., W:See apt-secure(8) manpage for repository creation and user configuration details., W:GPG error: http://us.archive.ubuntu.com/ubuntu bionic InRelease: The following signatures couldn't be verified because the public key is not available: NO_PUBKEY 3B4FE6ACC0B21F32, E:The repository 'http://us.archive.ubuntu.com/ubuntu bionic InRelease' is not signed., W:Updating from such a repository can't be done securely, and is therefore disabled by default., W:See apt-secure(8) manpage for repository creation and user configuration details., W:GPG error: http://ports.ubuntu.com/ubuntu-ports bionic-updates InRelease: The following signatures couldn't be verified because the public key is not available: NO_PUBKEY 3B4FE6ACC0B21F32, E:The repository 'http://ports.ubuntu.com/ubuntu-ports bionic-updates InRelease' is not signed., W:Updating from such a repository can't be done securely, and is therefore disabled by default., W:See apt-secure(8) manpage for repository creation and user configuration details., W:GPG error: http://ports.ubuntu.com/ubuntu-ports bionic-backports InRelease: The following signatures couldn't be verified because the public key is not available: NO_PUBKEY 3B4FE6ACC0B21F32, E:The repository 'http://ports.ubuntu.com/ubuntu-ports bionic-backports InRelease' is not signed., W:Updating from such a repository can't be done securely, and is therefore disabled by default., W:See apt-secure(8) manpage for repository creation and user configuration details., W:GPG error: http://ports.ubuntu.com/ubuntu-ports bionic-security InRelease: The following signatures couldn't be verified because the public key is not available: NO_PUBKEY 3B4FE6ACC0B21F32, E:The repository 'http://ports.ubuntu.com/ubuntu-ports bionic-security InRelease' is not signed., W:Updating from such a repository can't be done securely, and is therefore disabled by default., W:See apt-secure(8) manpage for repository creation and user configuration details., W:GPG error: http://ports.ubuntu.com/ubuntu-ports bionic InRelease: The following signatures couldn't be verified because the public key is not available: NO_PUBKEY 3B4FE6ACC0B21F32, E:The repository 'http://ports.ubuntu.com/ubuntu-ports bionic InRelease' is not signed.
Traceback (most recent call last):
  File "/usr/lib/python3/dist-packages/apt/cache.py", line 544, in update
    pulse_interval)
apt_pkg.Error: W:GPG error: http://us.archive.ubuntu.com/ubuntu bionic-updates InRelease: The following signatures couldn't be verified because the public key is not available: NO_PUBKEY 3B4FE6ACC0B21F32, E:The repository 'http://us.archive.ubuntu.com/ubuntu bionic-updates InRelease' is not signed., W:Updating from such a repository can't be done securely, and is therefore disabled by default., W:See apt-secure(8) manpage for repository creation and user configuration details., W:GPG error: http://us.archive.ubuntu.com/ubuntu bionic-backports InRelease: The following signatures couldn't be verified because the public key is not available: NO_PUBKEY 3B4FE6ACC0B21F32, E:The repository 'http://us.archive.ubuntu.com/ubuntu bionic-backports InRelease' is not signed., W:Updating from such a repository can't be done securely, and is therefore disabled by default., W:See apt-secure(8) manpage for repository creation and user configuration details., W:GPG error: http://packages.ros.org/ros/ubuntu bionic InRelease: The following signatures couldn't be verified because the public key is not available: NO_PUBKEY 5523BAEEB01FA116, E:The repository 'http://packages.ros.org/ros/ubuntu bionic InRelease' is not signed., W:Updating from such a repository can't be done securely, and is therefore disabled by default., W:See apt-secure(8) manpage for repository creation and user configuration details., W:GPG error: http://us.archive.ubuntu.com/ubuntu bionic-security InRelease: The following signatures couldn't be verified because the public key is not available: NO_PUBKEY 3B4FE6ACC0B21F32, E:The repository 'http://us.archive.ubuntu.com/ubuntu bionic-security InRelease' is not signed., W:Updating from such a repository can't be done securely, and is therefore disabled by default., W:See apt-secure(8) manpage for repository creation and user configuration details., W:GPG error: http://us.archive.ubuntu.com/ubuntu bionic InRelease: The following signatures couldn't be verified because the public key is not available: NO_PUBKEY 3B4FE6ACC0B21F32, E:The repository 'http://us.archive.ubuntu.com/ubuntu bionic InRelease' is not signed., W:Updating from such a repository can't be done securely, and is therefore disabled by default., W:See apt-secure(8) manpage for repository creation and user configuration details., W:GPG error: http://ports.ubuntu.com/ubuntu-ports bionic-updates InRelease: The following signatures couldn't be verified because the public key is not available: NO_PUBKEY 3B4FE6ACC0B21F32, E:The repository 'http://ports.ubuntu.com/ubuntu-ports bionic-updates InRelease' is not signed., W:Updating from such a repository can't be done securely, and is therefore disabled by default., W:See apt-secure(8) manpage for repository creation and user configuration details., W:GPG error: http://ports.ubuntu.com/ubuntu-ports bionic-backports InRelease: The following signatures couldn't be verified because the public key is not available: NO_PUBKEY 3B4FE6ACC0B21F32, E:The repository 'http://ports.ubuntu.com/ubuntu-ports bionic-backports InRelease' is not signed., W:Updating from such a repository can't be done securely, and is therefore disabled by default., W:See apt-secure(8) manpage for repository creation and user configuration details., W:GPG error: http://ports.ubuntu.com/ubuntu-ports bionic-security InRelease: The following signatures couldn't be verified because the public key is not available: NO_PUBKEY 3B4FE6ACC0B21F32, E:The repository 'http://ports.ubuntu.com/ubuntu-ports bionic-security InRelease' is not signed., W:Updating from such a repository can't be done securely, and is therefore disabled by default., W:See apt-secure(8) manpage for repository creation and user configuration details., W:GPG error: http://ports.ubuntu.com/ubuntu-ports bionic InRelease: The following signatures couldn't be verified because the public key is not available: NO_PUBKEY 3B4FE6ACC0B21F32, E:The repository 'http://ports.ubuntu.com/ubuntu-ports bionic InRelease' is not signed.

During handling of the above exception, another exception occurred:

Traceback (most recent call last):
  File "/home/nick/.local/lib/python3.6/site-packages/colcon_core/command.py", line 436, in verb_main
    rc = context.args.main(context=context)
  File "/home/nick/.local/lib/python3.6/site-packages/colcon_bundle/verb/bundle.py", line 123, in main
    context, path_context, upgrade_deps_graph)
  File "/home/nick/.local/lib/python3.6/site-packages/colcon_bundle/verb/bundle.py", line 167, in _manage_dependencies
    installers = self._setup_installers(context, path_context)
  File "/home/nick/.local/lib/python3.6/site-packages/colcon_bundle/verb/bundle.py", line 243, in _setup_installers
    installer.initialize(context)
  File "/home/nick/.local/lib/python3.6/site-packages/colcon_bundle/installer/apt.py", line 86, in initialize
    self.setup()
  File "/home/nick/.local/lib/python3.6/site-packages/colcon_bundle/installer/apt.py", line 120, in setup
    self._cache.update()
  File "/usr/lib/python3/dist-packages/apt/cache.py", line 546, in update
    raise FetchFailedException(e)
apt.cache.FetchFailedException: W:GPG error: http://us.archive.ubuntu.com/ubuntu bionic-updates InRelease: The following signatures couldn't be verified because the public key is not available: NO_PUBKEY 3B4FE6ACC0B21F32, E:The repository 'http://us.archive.ubuntu.com/ubuntu bionic-updates InRelease' is not signed., W:Updating from such a repository can't be done securely, and is therefore disabled by default., W:See apt-secure(8) manpage for repository creation and user configuration details., W:GPG error: http://us.archive.ubuntu.com/ubuntu bionic-backports InRelease: The following signatures couldn't be verified because the public key is not available: NO_PUBKEY 3B4FE6ACC0B21F32, E:The repository 'http://us.archive.ubuntu.com/ubuntu bionic-backports InRelease' is not signed., W:Updating from such a repository can't be done securely, and is therefore disabled by default., W:See apt-secure(8) manpage for repository creation and user configuration details., W:GPG error: http://packages.ros.org/ros/ubuntu bionic InRelease: The following signatures couldn't be verified because the public key is not available: NO_PUBKEY 5523BAEEB01FA116, E:The repository 'http://packages.ros.org/ros/ubuntu bionic InRelease' is not signed., W:Updating from such a repository can't be done securely, and is therefore disabled by default., W:See apt-secure(8) manpage for repository creation and user configuration details., W:GPG error: http://us.archive.ubuntu.com/ubuntu bionic-security InRelease: The following signatures couldn't be verified because the public key is not available: NO_PUBKEY 3B4FE6ACC0B21F32, E:The repository 'http://us.archive.ubuntu.com/ubuntu bionic-security InRelease' is not signed., W:Updating from such a repository can't be done securely, and is therefore disabled by default., W:See apt-secure(8) manpage for repository creation and user configuration details., W:GPG error: http://us.archive.ubuntu.com/ubuntu bionic InRelease: The following signatures couldn't be verified because the public key is not available: NO_PUBKEY 3B4FE6ACC0B21F32, E:The repository 'http://us.archive.ubuntu.com/ubuntu bionic InRelease' is not signed., W:Updating from such a repository can't be done securely, and is therefore disabled by default., W:See apt-secure(8) manpage for repository creation and user configuration details., W:GPG error: http://ports.ubuntu.com/ubuntu-ports bionic-updates InRelease: The following signatures couldn't be verified because the public key is not available: NO_PUBKEY 3B4FE6ACC0B21F32, E:The repository 'http://ports.ubuntu.com/ubuntu-ports bionic-updates InRelease' is not signed., W:Updating from such a repository can't be done securely, and is therefore disabled by default., W:See apt-secure(8) manpage for repository creation and user configuration details., W:GPG error: http://ports.ubuntu.com/ubuntu-ports bionic-backports InRelease: The following signatures couldn't be verified because the public key is not available: NO_PUBKEY 3B4FE6ACC0B21F32, E:The repository 'http://ports.ubuntu.com/ubuntu-ports bionic-backports InRelease' is not signed., W:Updating from such a repository can't be done securely, and is therefore disabled by default., W:See apt-secure(8) manpage for repository creation and user configuration details., W:GPG error: http://ports.ubuntu.com/ubuntu-ports bionic-security InRelease: The following signatures couldn't be verified because the public key is not available: NO_PUBKEY 3B4FE6ACC0B21F32, E:The repository 'http://ports.ubuntu.com/ubuntu-ports bionic-security InRelease' is not signed., W:Updating from such a repository can't be done securely, and is therefore disabled by default., W:See apt-secure(8) manpage for repository creation and user configuration details., W:GPG error: http://ports.ubuntu.com/ubuntu-ports bionic InRelease: The following signatures couldn't be verified because the public key is not available: NO_PUBKEY 3B4FE6ACC0B21F32, E:The repository 'http://ports.ubuntu.com/ubuntu-ports bionic InRelease' is not signed.

