[0.124s] DEBUG:colcon:Command line arguments: ['/usr/bin/colcon', 'info']
[0.124s] DEBUG:colcon:Parsed command line arguments: Namespace(base_paths='.', build_base='build', ignore_user_meta=False, log_base='log', log_level=None, main=<bound method InfoVerb.main of <colcon_package_information.verb.info.InfoVerb object at 0x7f237ef4ce80>>, metas='./colcon.meta', package_names=[], packages_above=None, packages_end=None, packages_ignore=None, packages_ignore_regex=None, packages_select=None, packages_select_build_failed=False, packages_select_by_dep=None, packages_select_regex=None, packages_select_test_failures=False, packages_skip=None, packages_skip_build_finished=False, packages_skip_by_dep=None, packages_skip_regex=None, packages_skip_test_passed=False, packages_skip_up_to=None, packages_start=None, packages_up_to=None, paths=None, verb_extension=<colcon_package_information.verb.info.InfoVerb object at 0x7f237ef4ce80>, verb_name='info', verb_parser=<colcon_defaults.argument_parser.defaults.DefaultArgumentsDecorator object at 0x7f237ed0a1d0>)
[0.165s] ERROR:colcon.colcon_core.entry_point:Exception loading extension 'colcon_core.package_identification.ignore_ament_install': (colcon-core 0.3.15 (/usr/lib/python3/dist-packages), Requirement.parse('colcon-core>=0.3.18'))
Traceback (most recent call last):
  File "/usr/lib/python3/dist-packages/colcon_core/entry_point.py", line 98, in load_entry_points
    extension_type = load_entry_point(entry_point)
  File "/usr/lib/python3/dist-packages/colcon_core/entry_point.py", line 140, in load_entry_point
    return entry_point.load()
  File "/usr/local/lib/python3.6/dist-packages/pkg_resources/__init__.py", line 2433, in load
    self.require(*args, **kwargs)
  File "/usr/local/lib/python3.6/dist-packages/pkg_resources/__init__.py", line 2456, in require
    items = working_set.resolve(reqs, env, installer, extras=self.extras)
  File "/usr/local/lib/python3.6/dist-packages/pkg_resources/__init__.py", line 791, in resolve
    raise VersionConflict(dist, req).with_context(dependent_req)
pkg_resources.VersionConflict: (colcon-core 0.3.15 (/usr/lib/python3/dist-packages), Requirement.parse('colcon-core>=0.3.18'))

[0.165s] ERROR:colcon.colcon_core.entry_point:Exception loading extension 'colcon_core.package_identification.ros': (colcon-core 0.3.15 (/usr/lib/python3/dist-packages), Requirement.parse('colcon-core>=0.3.18'))
Traceback (most recent call last):
  File "/usr/lib/python3/dist-packages/colcon_core/entry_point.py", line 98, in load_entry_points
    extension_type = load_entry_point(entry_point)
  File "/usr/lib/python3/dist-packages/colcon_core/entry_point.py", line 140, in load_entry_point
    return entry_point.load()
  File "/usr/local/lib/python3.6/dist-packages/pkg_resources/__init__.py", line 2433, in load
    self.require(*args, **kwargs)
  File "/usr/local/lib/python3.6/dist-packages/pkg_resources/__init__.py", line 2456, in require
    items = working_set.resolve(reqs, env, installer, extras=self.extras)
  File "/usr/local/lib/python3.6/dist-packages/pkg_resources/__init__.py", line 791, in resolve
    raise VersionConflict(dist, req).with_context(dependent_req)
pkg_resources.VersionConflict: (colcon-core 0.3.15 (/usr/lib/python3/dist-packages), Requirement.parse('colcon-core>=0.3.18'))

[0.167s] Level 1:colcon.colcon_core.package_discovery:discover_packages(colcon_meta) check parameters
[0.167s] Level 1:colcon.colcon_core.package_discovery:discover_packages(recursive) check parameters
[0.167s] Level 1:colcon.colcon_core.package_discovery:discover_packages(ignore) check parameters
[0.167s] Level 1:colcon.colcon_core.package_discovery:discover_packages(path) check parameters
[0.167s] Level 1:colcon.colcon_core.package_discovery:discover_packages(recursive) discover
[0.167s] INFO:colcon.colcon_core.package_discovery:Crawling recursively for packages in '/home/nick/MyApplication/simulation_ws'
[0.168s] Level 1:colcon.colcon_core.package_identification:_identify(/home/nick/MyApplication/simulation_ws) by extensions ['ignore']
[0.168s] Level 1:colcon.colcon_core.package_identification:_identify(/home/nick/MyApplication/simulation_ws) by extension 'ignore'
[0.168s] Level 1:colcon.colcon_core.package_identification:_identify(/home/nick/MyApplication/simulation_ws) by extensions ['colcon_pkg']
[0.168s] Level 1:colcon.colcon_core.package_identification:_identify(/home/nick/MyApplication/simulation_ws) by extension 'colcon_pkg'
[0.168s] Level 1:colcon.colcon_core.package_identification:_identify(/home/nick/MyApplication/simulation_ws) by extensions ['colcon_meta']
[0.168s] Level 1:colcon.colcon_core.package_identification:_identify(/home/nick/MyApplication/simulation_ws) by extension 'colcon_meta'
[0.168s] Level 1:colcon.colcon_core.package_identification:_identify(/home/nick/MyApplication/simulation_ws) by extensions ['cmake', 'python']
[0.168s] Level 1:colcon.colcon_core.package_identification:_identify(/home/nick/MyApplication/simulation_ws) by extension 'cmake'
[0.168s] Level 1:colcon.colcon_core.package_identification:_identify(/home/nick/MyApplication/simulation_ws) by extension 'python'
[0.168s] Level 1:colcon.colcon_core.package_identification:_identify(/home/nick/MyApplication/simulation_ws) by extensions ['python_setup_py']
[0.168s] Level 1:colcon.colcon_core.package_identification:_identify(/home/nick/MyApplication/simulation_ws) by extension 'python_setup_py'
[0.169s] Level 1:colcon.colcon_core.package_identification:_identify(/home/nick/MyApplication/simulation_ws/build) by extensions ['ignore']
[0.169s] Level 1:colcon.colcon_core.package_identification:_identify(/home/nick/MyApplication/simulation_ws/build) by extension 'ignore'
[0.169s] Level 1:colcon.colcon_core.package_identification:_identify(/home/nick/MyApplication/simulation_ws/build) ignored
[0.169s] Level 1:colcon.colcon_core.package_identification:_identify(/home/nick/MyApplication/simulation_ws/install) by extensions ['ignore']
[0.169s] Level 1:colcon.colcon_core.package_identification:_identify(/home/nick/MyApplication/simulation_ws/install) by extension 'ignore'
[0.169s] Level 1:colcon.colcon_core.package_identification:_identify(/home/nick/MyApplication/simulation_ws/install) ignored
[0.169s] Level 1:colcon.colcon_core.package_identification:_identify(/home/nick/MyApplication/simulation_ws/log) by extensions ['ignore']
[0.169s] Level 1:colcon.colcon_core.package_identification:_identify(/home/nick/MyApplication/simulation_ws/log) by extension 'ignore'
[0.169s] Level 1:colcon.colcon_core.package_identification:_identify(/home/nick/MyApplication/simulation_ws/log) ignored
[0.170s] Level 1:colcon.colcon_core.package_identification:_identify(/home/nick/MyApplication/simulation_ws/src) by extensions ['ignore']
[0.170s] Level 1:colcon.colcon_core.package_identification:_identify(/home/nick/MyApplication/simulation_ws/src) by extension 'ignore'
[0.170s] Level 1:colcon.colcon_core.package_identification:_identify(/home/nick/MyApplication/simulation_ws/src) by extensions ['colcon_pkg']
[0.170s] Level 1:colcon.colcon_core.package_identification:_identify(/home/nick/MyApplication/simulation_ws/src) by extension 'colcon_pkg'
[0.170s] Level 1:colcon.colcon_core.package_identification:_identify(/home/nick/MyApplication/simulation_ws/src) by extensions ['colcon_meta']
[0.170s] Level 1:colcon.colcon_core.package_identification:_identify(/home/nick/MyApplication/simulation_ws/src) by extension 'colcon_meta'
[0.170s] Level 1:colcon.colcon_core.package_identification:_identify(/home/nick/MyApplication/simulation_ws/src) by extensions ['cmake', 'python']
[0.170s] Level 1:colcon.colcon_core.package_identification:_identify(/home/nick/MyApplication/simulation_ws/src) by extension 'cmake'
[0.170s] Level 1:colcon.colcon_core.package_identification:_identify(/home/nick/MyApplication/simulation_ws/src) by extension 'python'
[0.170s] Level 1:colcon.colcon_core.package_identification:_identify(/home/nick/MyApplication/simulation_ws/src) by extensions ['python_setup_py']
[0.170s] Level 1:colcon.colcon_core.package_identification:_identify(/home/nick/MyApplication/simulation_ws/src) by extension 'python_setup_py'
[0.170s] Level 1:colcon.colcon_core.package_identification:_identify(/home/nick/MyApplication/simulation_ws/src/2WD_Rover_app) by extensions ['ignore']
[0.171s] Level 1:colcon.colcon_core.package_identification:_identify(/home/nick/MyApplication/simulation_ws/src/2WD_Rover_app) by extension 'ignore'
[0.171s] Level 1:colcon.colcon_core.package_identification:_identify(/home/nick/MyApplication/simulation_ws/src/2WD_Rover_app) by extensions ['colcon_pkg']
[0.171s] Level 1:colcon.colcon_core.package_identification:_identify(/home/nick/MyApplication/simulation_ws/src/2WD_Rover_app) by extension 'colcon_pkg'
[0.171s] Level 1:colcon.colcon_core.package_identification:_identify(/home/nick/MyApplication/simulation_ws/src/2WD_Rover_app) by extensions ['colcon_meta']
[0.171s] Level 1:colcon.colcon_core.package_identification:_identify(/home/nick/MyApplication/simulation_ws/src/2WD_Rover_app) by extension 'colcon_meta'
[0.171s] Level 1:colcon.colcon_core.package_identification:_identify(/home/nick/MyApplication/simulation_ws/src/2WD_Rover_app) by extensions ['cmake', 'python']
[0.171s] Level 1:colcon.colcon_core.package_identification:_identify(/home/nick/MyApplication/simulation_ws/src/2WD_Rover_app) by extension 'cmake'
[0.173s] Level 1:colcon.colcon_core.package_identification:_identify(/home/nick/MyApplication/simulation_ws/src/2WD_Rover_app) by extension 'python'
[0.173s] DEBUG:colcon.colcon_core.package_identification:Package '/home/nick/MyApplication/simulation_ws/src/2WD_Rover_app' with type 'cmake' and name '2WD_Rover_app'
[0.173s] Level 1:colcon.colcon_core.package_identification:_identify(/home/nick/MyApplication/simulation_ws/src/simulation_app) by extensions ['ignore']
[0.173s] Level 1:colcon.colcon_core.package_identification:_identify(/home/nick/MyApplication/simulation_ws/src/simulation_app) by extension 'ignore'
[0.173s] Level 1:colcon.colcon_core.package_identification:_identify(/home/nick/MyApplication/simulation_ws/src/simulation_app) by extensions ['colcon_pkg']
[0.174s] Level 1:colcon.colcon_core.package_identification:_identify(/home/nick/MyApplication/simulation_ws/src/simulation_app) by extension 'colcon_pkg'
[0.174s] Level 1:colcon.colcon_core.package_identification:_identify(/home/nick/MyApplication/simulation_ws/src/simulation_app) by extensions ['colcon_meta']
[0.174s] Level 1:colcon.colcon_core.package_identification:_identify(/home/nick/MyApplication/simulation_ws/src/simulation_app) by extension 'colcon_meta'
[0.174s] Level 1:colcon.colcon_core.package_identification:_identify(/home/nick/MyApplication/simulation_ws/src/simulation_app) by extensions ['cmake', 'python']
[0.174s] Level 1:colcon.colcon_core.package_identification:_identify(/home/nick/MyApplication/simulation_ws/src/simulation_app) by extension 'cmake'
[0.174s] Level 1:colcon.colcon_core.package_identification:_identify(/home/nick/MyApplication/simulation_ws/src/simulation_app) by extension 'python'
[0.175s] DEBUG:colcon.colcon_core.package_identification:Package '/home/nick/MyApplication/simulation_ws/src/simulation_app' with type 'cmake' and name 'simulation_app'
[0.175s] Level 1:colcon.colcon_core.package_discovery:discover_packages(recursive) using defaults
[0.176s] ERROR:colcon.colcon_core.entry_point:Exception loading extension 'colcon_core.package_augmentation.ros': (colcon-core 0.3.15 (/usr/lib/python3/dist-packages), Requirement.parse('colcon-core>=0.3.18'))
Traceback (most recent call last):
  File "/usr/lib/python3/dist-packages/colcon_core/entry_point.py", line 98, in load_entry_points
    extension_type = load_entry_point(entry_point)
  File "/usr/lib/python3/dist-packages/colcon_core/entry_point.py", line 140, in load_entry_point
    return entry_point.load()
  File "/usr/local/lib/python3.6/dist-packages/pkg_resources/__init__.py", line 2433, in load
    self.require(*args, **kwargs)
  File "/usr/local/lib/python3.6/dist-packages/pkg_resources/__init__.py", line 2456, in require
    items = working_set.resolve(reqs, env, installer, extras=self.extras)
  File "/usr/local/lib/python3.6/dist-packages/pkg_resources/__init__.py", line 791, in resolve
    raise VersionConflict(dist, req).with_context(dependent_req)
pkg_resources.VersionConflict: (colcon-core 0.3.15 (/usr/lib/python3/dist-packages), Requirement.parse('colcon-core>=0.3.18'))

